

***********************************************************************
Fatal NI connect error 12170.

  VERSION INFORMATION:
	TNS for 32-bit Windows: Version 10.2.0.1.0 - Production
	Windows NT TCP/IP NT Protocol Adapter for 32-bit Windows: Version 10.2.0.1.0 - Production
  Time: 06-7月 -2009 19:58:24
  Tracing not turned on.
  Tns error struct:
    ns main err code: 12535
    TNS-12535: TNS: 操作超时
    ns secondary err code: 12560
    nt main err code: 505
    TNS-00505: 操作超时
    nt secondary err code: 60
    nt OS err code: 0
  Client address: <unknown>


***********************************************************************
Fatal NI connect error 12170.

  VERSION INFORMATION:
	TNS for 32-bit Windows: Version 10.2.0.1.0 - Production
	Windows NT TCP/IP NT Protocol Adapter for 32-bit Windows: Version 10.2.0.1.0 - Production
  Time: 09-7月 -2009 22:00:58
  Tracing not turned on.
  Tns error struct:
    ns main err code: 12535
    TNS-12535: TNS: 操作超时
    ns secondary err code: 12560
    nt main err code: 505
    TNS-00505: 操作超时
    nt secondary err code: 60
    nt OS err code: 0
  Client address: <unknown>


***********************************************************************
Fatal NI connect error 12518, connecting to:
 (DESCRIPTION=(ADDRESS=(PROTOCOL=TCP)(HOST=192.168.1.252)(PORT=1521))(CONNECT_DATA=(SERVICE_NAME=orcl)(CID=(PROGRAM=D:\WorkSpace\myErp\bin\myErp.exe)(HOST=IMPETUS)(USER=luohuachun))))

  VERSION INFORMATION:
	TNS for 32-bit Windows: Version 10.2.0.1.0 - Production
	Windows NT TCP/IP NT Protocol Adapter for 32-bit Windows: Version 10.2.0.1.0 - Production
  Time: 09-7月 -2009 22:03:25
  Tracing not turned on.
  Tns error struct:
    ns main err code: 12564
    TNS-12564: TNS: 拒绝连接
    ns secondary err code: 0
    nt main err code: 0
    nt secondary err code: 0
    nt OS err code: 0
